<?xml version="1.0" encoding="UTF-8"?>
<testsuite xmlns:xsi="http://www.w3.org/2001/XMLSchema-instance" xsi:noNamespaceSchemaLocation="https://maven.apache.org/surefire/maven-surefire-plugin/xsd/surefire-test-report.xsd" name="runner.TestRunner" time="17.702" tests="1" errors="1" skipped="0" failures="0">
  <properties>
[...]
</properties>
  <testcase name="user adds employee" classname="add employee" time="17.016">
    <error message="Failed to instantiate class stepDefinitions.EmployeeAdd" type="io.cucumber.core.exception.CucumberException">io.cucumber.core.exception.CucumberException: Failed to instantiate class stepDefinitions.EmployeeAdd
Caused by: java.lang.reflect.InvocationTargetException
Caused by: java.lang.NullPointerException: Cannot invoke "org.openqa.selenium.WebElement.getTagName()" because "element" is null
</error>
    <system-out><![CDATA[
@addEmployee
Scenario: user adds employee                                                                                                            # features/addEmployee.feature:10
  Given user is on the login page                                                                                                       # stepDefinitions.Login.user_is_on_the_login_page()
  When user enters user email 'ruhullah.farahi@gmail.com' and password 'Wheniwork@test'                                                 # stepDefinitions.Login.user_enters_user_email_and_password(java.lang.String,java.lang.String)
  And user clicks login button                                                                                                          # stepDefinitions.Login.user_clicks_login_button()
  Then user should land on the schedule page                                                                                            # stepDefinitions.Login.user_should_land_on_the_schedule_page()
  When user clicks on scheduler tab                                                                                                     # stepDefinitions.EmployeeAdd.user_clicks_on_scheduler_tab()
      io.cucumber.core.exception.CucumberException: Failed to instantiate class stepDefinitions.EmployeeAdd
	at io.cucumber.core.runtime.ObjectFactoryServiceLoader$DefaultJavaObjectFactory.cacheNewInstance(ObjectFactoryServiceLoader.java:149)
	at io.cucumber.core.runtime.ObjectFactoryServiceLoader$DefaultJavaObjectFactory.getInstance(ObjectFactoryServiceLoader.java:133)
	at io.cucumber.java.AbstractGlueDefinition.invokeMethod(AbstractGlueDefinition.java:47)
	at io.cucumber.java.JavaStepDefinition.execute(JavaStepDefinition.java:29)
	at io.cucumber.core.runner.CoreStepDefinition.execute(CoreStepDefinition.java:66)
	at io.cucumber.core.runner.PickleStepDefinitionMatch.runStep(PickleStepDefinitionMatch.java:63)
	at io.cucumber.core.runner.ExecutionMode$1.execute(ExecutionMode.java:10)
	at io.cucumber.core.runner.TestStep.executeStep(TestStep.java:92)
	at io.cucumber.core.runner.TestStep.run(TestStep.java:64)
	at io.cucumber.core.runner.PickleStepTestStep.run(PickleStepTestStep.java:51)
	at io.cucumber.core.runner.TestCase.run(TestCase.java:104)
	at io.cucumber.core.runner.Runner.runPickle(Runner.java:73)
	at io.cucumber.junit.PickleRunners$NoStepDescriptions.run(PickleRunners.java:151)
	at io.cucumber.junit.FeatureRunner.runChild(FeatureRunner.java:135)
	at io.cucumber.junit.FeatureRunner.runChild(FeatureRunner.java:27)
	at org.junit.runners.ParentRunner$3.run(ParentRunner.java:238)
	at org.junit.runners.ParentRunner$1.schedule(ParentRunner.java:63)
	at org.junit.runners.ParentRunner.runChildren(ParentRunner.java:236)
	at org.junit.runners.ParentRunner.access$000(ParentRunner.java:53)
	at org.junit.runners.ParentRunner$2.evaluate(ParentRunner.java:229)
	at org.junit.runners.ParentRunner.run(ParentRunner.java:309)
	at io.cucumber.junit.Cucumber.runChild(Cucumber.java:200)
	at io.cucumber.junit.Cucumber.runChild(Cucumber.java:90)
	at org.junit.runners.ParentRunner$3.run(ParentRunner.java:238)
	at org.junit.runners.ParentRunner$1.schedule(ParentRunner.java:63)
	at org.junit.runners.ParentRunner.runChildren(ParentRunner.java:236)
	at org.junit.runners.ParentRunner.access$000(ParentRunner.java:53)
	at org.junit.runners.ParentRunner$2.evaluate(ParentRunner.java:229)
	at io.cucumber.junit.Cucumber$RunCucumber.evaluate(Cucumber.java:235)
	at org.junit.runners.ParentRunner.run(ParentRunner.java:309)
	at org.apache.maven.surefire.junit4.JUnit4Provider.execute(JUnit4Provider.java:365)
	at org.apache.maven.surefire.junit4.JUnit4Provider.executeWithRerun(JUnit4Provider.java:273)
	at org.apache.maven.surefire.junit4.JUnit4Provider.executeTestSet(JUnit4Provider.java:238)
	at org.apache.maven.surefire.junit4.JUnit4Provider.invoke(JUnit4Provider.java:159)
	at org.apache.maven.surefire.booter.ForkedBooter.invokeProviderInSameClassLoader(ForkedBooter.java:384)
	at org.apache.maven.surefire.booter.ForkedBooter.runSuitesInProcess(ForkedBooter.java:345)
	at org.apache.maven.surefire.booter.ForkedBooter.execute(ForkedBooter.java:126)
	at org.apache.maven.surefire.booter.ForkedBooter.main(ForkedBooter.java:418)
Caused by: java.lang.reflect.InvocationTargetException
	at java.base/jdk.internal.reflect.NativeConstructorAccessorImpl.newInstance0(Native Method)
	at java.base/jdk.internal.reflect.NativeConstructorAccessorImpl.newInstance(NativeConstructorAccessorImpl.java:78)
	at java.base/jdk.internal.reflect.DelegatingConstructorAccessorImpl.newInstance(DelegatingConstructorAccessorImpl.java:45)
	at java.base/java.lang.reflect.Constructor.newInstanceWithCaller(Constructor.java:499)
	at java.base/java.lang.reflect.Constructor.newInstance(Constructor.java:480)
	at io.cucumber.core.runtime.ObjectFactoryServiceLoader$DefaultJavaObjectFactory.cacheNewInstance(ObjectFactoryServiceLoader.java:141)
	... 37 more
Caused by: java.lang.NullPointerException: Cannot invoke "org.openqa.selenium.WebElement.getTagName()" because "element" is null
	at org.openqa.selenium.support.ui.Select.<init>(Select.java:45)
	at pageObjects.AddEmployee.<init>(AddEmployee.java:37)
	at stepDefinitions.EmployeeAdd.<init>(EmployeeAdd.java:10)
	... 43 more

  And user clicks on Add Employee tab                                                                                                   # stepDefinitions.EmployeeAdd.user_clicks_on_add_employee_tab()
  And user enters firstname 'Mike' and lastname 'Smith' and email 'mike.smith@gmail.com' and mobile '2368892526' and selects 'Employee' # stepDefinitions.EmployeeAdd.user_enters_firstname_and_lastname_and_email_and_mobile_and_selects(java.lang.String,java.lang.String,java.lang.String,java.lang.String,java.lang.String)
  And user clicks add and invite button                                                                                                 # stepDefinitions.EmployeeAdd.user_clicks_add_and_invite_button()
  Then user should see the success msg empolyee has been added                                                                          # stepDefinitions.EmployeeAdd.user_should_see_the_success_msg_empolyee_has_been_added()
]]></system-out>
    <system-err><![CDATA[log4j:WARN No appenders could be found for logger (logger_File).
log4j:WARN Please initialize the log4j system properly.
log4j:WARN See http://logging.apache.org/log4j/1.2/faq.html#noconfig for more info.
SLF4J: Failed to load class "org.slf4j.impl.StaticLoggerBinder".
SLF4J: Defaulting to no-operation (NOP) logger implementation
SLF4J: See http://www.slf4j.org/codes.html#StaticLoggerBinder for further details.
Starting ChromeDriver 98.0.4758.80 (7f0488e8ba0d8e019187c6325a16c29d9b7f4989-refs/branch-heads/4758@{#972}) on port 46931
Only local connections are allowed.
Please see https://chromedriver.chromium.org/security-considerations for suggestions on keeping ChromeDriver safe.
ChromeDriver was started successfully.
Feb 11, 2022 9:14:00 PM org.openqa.selenium.remote.ProtocolHandshake createSession
INFO: Detected dialect: W3C
]]></system-err>
  </testcase>
</testsuite>